<?xml version="1.0" encoding="UTF-8"?>
<!-- Generated by org.testng.reporters.JUnitReportReporter -->
<testsuite hostname="FEUJI-V011D" failures="0" tests="6" name="com.test.ReqRes_Api_Test" time="4.346" errors="0" timestamp="2024-03-01T15:16:29 IST" skipped="0">
  <testcase classname="com.test.ReqRes_Api_Test" name="testRegisterUser" time="1.874"/>
  <testcase classname="com.test.ReqRes_Api_Test" name="testLoginUser" time="0.426"/>
  <testcase classname="com.test.ReqRes_Api_Test" name="testCreateUser" time="1.036"/>
  <testcase classname="com.test.ReqRes_Api_Test" name="testGetSingleUser" time="0.159"/>
  <testcase classname="com.test.ReqRes_Api_Test" name="testUpdateUser" time="0.423"/>
  <testcase classname="com.test.ReqRes_Api_Test" name="testDeleteUser" time="0.428"/>
</testsuite> <!-- com.test.ReqRes_Api_Test -->
