<?xml version="1.0" encoding="UTF-8"?>
<!-- Generated by org.testng.reporters.JUnitReportReporter -->
<testsuite hostname="FEUJI-V011D" failures="0" tests="5" name="com.test.RestfulBookerAPITest" time="6.774" errors="0" timestamp="2024-03-01T15:16:29 IST" skipped="0">
  <testcase classname="com.test.RestfulBookerAPITest" name="testCreateToken" time="1.466"/>
  <testcase classname="com.test.RestfulBookerAPITest" name="testCreateBooking" time="1.352"/>
  <testcase classname="com.test.RestfulBookerAPITest" name="testGetBookingId" time="1.335"/>
  <testcase classname="com.test.RestfulBookerAPITest" name="testUpdateBookingDetails" time="1.305"/>
  <testcase classname="com.test.RestfulBookerAPITest" name="testDeleteBookingId" time="1.316"/>
</testsuite> <!-- com.test.RestfulBookerAPITest -->
